
2025-07-15 01:09:06 DEBUG Pages.SwagLabs.LoginPage - The following username has been logged instandard_user
2025-07-15 01:29:41 DEBUG Pages.SwagLabs.LoginPage - The following username has been logged instandard_user
2025-07-15 01:29:42 DEBUG Pages.SwagLabs.ProductPage - The Product has been selected Sauce Labs Backpack
2025-07-15 01:29:42 DEBUG Pages.SwagLabs.ProductPage - The Product is added to n cart
2025-07-15 01:29:42 DEBUG Pages.SwagLabs.ProductPage - Click on the Continue button
2025-07-15 01:29:43 DEBUG Pages.SwagLabs.Checkout - The checkout information has been entered withUjjwal Shrivastava 396210
2025-07-15 01:29:43 DEBUG Pages.SwagLabs.FinishPage - Thank you for your order
2025-07-15 01:29:44 DEBUG Pages.SwagLabs.LoginPage - The following username has been logged instandard_user
2025-07-15 01:29:44 DEBUG Pages.SwagLabs.ProductPage - The Product has been selected Sauce Labs Backpack
2025-07-15 01:29:44 DEBUG Pages.SwagLabs.ProductPage - The Product is added to n cart
2025-07-15 01:29:44 DEBUG Pages.SwagLabs.ProductPage - Click on the Continue button
2025-07-15 01:29:44 DEBUG Pages.SwagLabs.Checkout - The checkout information has been entered withUjjwal Shrivastava 396210
2025-07-15 01:29:45 DEBUG Pages.SwagLabs.FinishPage - Thank you for your order
2025-07-15 01:29:45 DEBUG Pages.SwagLabs.LoginPage - The following username has been logged instandard_user
2025-07-15 01:29:45 DEBUG Pages.SwagLabs.ProductPage - The Product has been selected Sauce Labs Backpack
2025-07-15 01:29:45 DEBUG Pages.SwagLabs.ProductPage - The Product is added to n cart
2025-07-15 01:29:45 DEBUG Pages.SwagLabs.ProductPage - Click on the Continue button
2025-07-15 01:29:46 DEBUG Pages.SwagLabs.Checkout - The checkout information has been entered withUjjwal Shrivastava 396210
2025-07-15 01:29:46 DEBUG Pages.SwagLabs.FinishPage - Thank you for your order
2025-07-15 01:29:46 DEBUG Pages.SwagLabs.LoginPage - The following username has been logged instandard_user
2025-07-15 01:29:46 DEBUG Pages.SwagLabs.ProductPage - The Product has been selected Sauce Labs Backpack
2025-07-15 01:29:46 DEBUG Pages.SwagLabs.ProductPage - The Product is added to n cart
2025-07-15 01:29:46 DEBUG Pages.SwagLabs.ProductPage - Click on the Continue button
2025-07-15 01:29:47 DEBUG Pages.SwagLabs.Checkout - The checkout information has been entered withUjjwal Shrivastava 396210
2025-07-15 01:29:47 DEBUG Pages.SwagLabs.FinishPage - Thank you for your order
2025-07-15 01:33:35 DEBUG Pages.SwagLabs.LoginPage - The following username has been logged instandard_user
2025-07-15 01:33:36 DEBUG Pages.SwagLabs.ProductPage - The Product has been selected Sauce Labs Backpack
2025-07-15 01:33:36 DEBUG Pages.SwagLabs.ProductPage - The Product is added to n cart
2025-07-15 01:33:36 DEBUG Pages.SwagLabs.ProductPage - Click on the Continue button
2025-07-15 01:33:36 DEBUG Pages.SwagLabs.Checkout - The checkout information has been entered withUjjwal Shrivastava 396210
2025-07-15 01:33:36 DEBUG Pages.SwagLabs.FinishPage - Thank you for your order
2025-07-15 01:33:37 DEBUG Pages.SwagLabs.LoginPage - The following username has been logged instandard_user
2025-07-15 01:33:37 DEBUG Pages.SwagLabs.ProductPage - The Product has been selected Sauce Labs Backpack
2025-07-15 01:33:37 DEBUG Pages.SwagLabs.ProductPage - The Product is added to n cart
2025-07-15 01:33:37 DEBUG Pages.SwagLabs.ProductPage - Click on the Continue button
2025-07-15 01:33:37 DEBUG Pages.SwagLabs.Checkout - The checkout information has been entered withUjjwal Shrivastava 396210
2025-07-15 01:33:37 DEBUG Pages.SwagLabs.FinishPage - Thank you for your order
2025-07-15 01:33:38 DEBUG Pages.SwagLabs.LoginPage - The following username has been logged instandard_user
2025-07-15 01:33:38 DEBUG Pages.SwagLabs.ProductPage - The Product has been selected Sauce Labs Backpack
2025-07-15 01:33:38 DEBUG Pages.SwagLabs.ProductPage - The Product is added to n cart
2025-07-15 01:33:38 DEBUG Pages.SwagLabs.ProductPage - Click on the Continue button
2025-07-15 01:33:39 DEBUG Pages.SwagLabs.Checkout - The checkout information has been entered withUjjwal Shrivastava 396210
2025-07-15 01:33:39 DEBUG Pages.SwagLabs.FinishPage - Thank you for your order
2025-07-15 01:33:39 DEBUG Pages.SwagLabs.LoginPage - The following username has been logged instandard_user
2025-07-15 01:33:39 DEBUG Pages.SwagLabs.ProductPage - The Product has been selected Sauce Labs Backpack
2025-07-15 01:33:39 DEBUG Pages.SwagLabs.ProductPage - The Product is added to n cart
2025-07-15 01:33:40 DEBUG Pages.SwagLabs.ProductPage - Click on the Continue button
2025-07-15 01:33:40 DEBUG Pages.SwagLabs.Checkout - The checkout information has been entered withUjjwal Shrivastava 396210
2025-07-15 01:33:41 DEBUG Pages.SwagLabs.FinishPage - Thank you for your order2025-07-15 12:40:38 DEBUG Pages.SwagLabs.LoginPage - The following username has been logged instandard_user
2025-07-15 12:40:38 DEBUG Pages.SwagLabs.ProductPage - The Product has been selected Sauce Labs Backpack
2025-07-15 12:40:38 DEBUG Pages.SwagLabs.ProductPage - The Product is added to n cart
2025-07-15 12:40:39 DEBUG Pages.SwagLabs.ProductPage - Click on the Continue button
2025-07-15 12:40:41 DEBUG Pages.SwagLabs.Checkout - The checkout information has been entered withUjjwal Shrivastava 396210
2025-07-15 12:40:41 DEBUG Pages.SwagLabs.FinishPage - Thank you for your order
2025-07-15 12:41:04 DEBUG Pages.SwagLabs.LoginPage - The following username has been logged instandard_user
2025-07-15 12:41:04 DEBUG Pages.SwagLabs.ProductPage - The Product has been selected Sauce Labs Backpack
2025-07-15 12:41:04 DEBUG Pages.SwagLabs.ProductPage - The Product is added to n cart
2025-07-15 12:41:04 DEBUG Pages.SwagLabs.ProductPage - Click on the Continue button
2025-07-15 12:41:05 DEBUG Pages.SwagLabs.Checkout - The checkout information has been entered withUjjwal Shrivastava 396210
2025-07-15 12:41:05 DEBUG Pages.SwagLabs.FinishPage - Thank you for your order
2025-07-15 12:46:12 DEBUG Pages.SwagLabs.LoginPage - The following username has been logged instandard_user
2025-07-15 12:46:12 DEBUG Pages.SwagLabs.ProductPage - The Product has been selected Sauce Labs Backpack
2025-07-15 12:46:13 DEBUG Pages.SwagLabs.ProductPage - The Product is added to n cart
2025-07-15 12:46:13 DEBUG Pages.SwagLabs.ProductPage - Click on the Continue button
2025-07-15 12:46:13 DEBUG Pages.SwagLabs.Checkout - The checkout information has been entered withUjjwal Shrivastava 396210
2025-07-15 12:46:13 DEBUG Pages.SwagLabs.FinishPage - Thank you for your order
2025-07-15 12:56:26 DEBUG Pages.SwagLabs.LoginPage - The following username has been logged instandard_user
2025-07-15 12:56:26 DEBUG Pages.SwagLabs.ProductPage - The Product has been selected Sauce Labs Backpack
2025-07-15 12:56:27 DEBUG Pages.SwagLabs.ProductPage - The Product is added to n cart
2025-07-15 12:56:27 DEBUG Pages.SwagLabs.ProductPage - Click on the Continue button
2025-07-15 12:56:28 DEBUG Pages.SwagLabs.Checkout - The checkout information has been entered withUjjwal Shrivastava 396210
2025-07-15 12:56:28 DEBUG Pages.SwagLabs.FinishPage - Thank you for your order
2025-07-15 12:56:32 DEBUG Pages.SwagLabs.LoginPage - The following username has been logged instandard_user
2025-07-15 12:56:32 DEBUG Pages.SwagLabs.ProductPage - The Product has been selected Sauce Labs Backpack
2025-07-15 12:56:32 DEBUG Pages.SwagLabs.ProductPage - The Product is added to n cart
2025-07-15 12:56:32 DEBUG Pages.SwagLabs.ProductPage - Click on the Continue button
2025-07-15 12:56:33 DEBUG Pages.SwagLabs.Checkout - The checkout information has been entered withUjjwal Shrivastava 396210
2025-07-15 12:56:33 DEBUG Pages.SwagLabs.FinishPage - Thank you for your order
2025-07-15 14:09:14 DEBUG Pages.SwagLabs.LoginPage - The following username has been logged instandard_user
2025-07-15 14:09:14 DEBUG Pages.SwagLabs.ProductPage - The Product has been selected Sauce Labs Backpack
2025-07-15 14:09:14 DEBUG Pages.SwagLabs.ProductPage - The Product is added to n cart
2025-07-15 14:09:15 DEBUG Pages.SwagLabs.ProductPage - Click on the Continue button
2025-07-15 14:09:17 DEBUG Pages.SwagLabs.Checkout - The checkout information has been entered withUjjwal Shrivastava 396210
2025-07-15 14:09:17 DEBUG Pages.SwagLabs.FinishPage - Thank you for your order
2025-07-15 15:17:58 DEBUG Pages.SwagLabs.LoginPage - The following username has been logged instandard_user
2025-07-15 15:17:58 DEBUG Pages.SwagLabs.ProductPage - The Product has been selected Sauce Labs Backpack
2025-07-15 15:17:59 DEBUG Pages.SwagLabs.ProductPage - The Product is added to n cart
2025-07-15 15:17:59 DEBUG Pages.SwagLabs.ProductPage - Click on the Continue button
2025-07-15 15:18:02 DEBUG Pages.SwagLabs.Checkout - The checkout information has been entered withUjjwal Shrivastava 396210
2025-07-15 15:18:03 DEBUG Pages.SwagLabs.FinishPage - Thank you for your order
2025-07-15 15:38:17 DEBUG Pages.SwagLabs.LoginPage - The following username has been logged instandard_user
2025-07-15 15:38:17 DEBUG Pages.SwagLabs.ProductPage - The Product has been selected Sauce Labs Backpack
2025-07-15 15:38:17 DEBUG Pages.SwagLabs.ProductPage - The Product is added to n cart
2025-07-15 15:38:17 DEBUG Pages.SwagLabs.ProductPage - Click on the Continue button
2025-07-15 15:38:19 DEBUG Pages.SwagLabs.Checkout - The checkout information has been entered withUjjwal Shrivastava 396210
2025-07-15 15:38:19 DEBUG Pages.SwagLabs.FinishPage - Thank you for your order
2025-07-15 15:38:24 DEBUG Pages.SwagLabs.LoginPage - The following username has been logged instandard_user
2025-07-15 15:38:24 DEBUG Pages.SwagLabs.ProductPage - The Product has been selected Sauce Labs Backpack
2025-07-15 15:38:24 DEBUG Pages.SwagLabs.ProductPage - The Product is added to n cart
2025-07-15 15:38:25 DEBUG Pages.SwagLabs.ProductPage - Click on the Continue button
2025-07-15 15:38:26 DEBUG Pages.SwagLabs.Checkout - The checkout information has been entered withUjjwal Shrivastava 396210
2025-07-15 15:38:26 DEBUG Pages.SwagLabs.FinishPage - Thank you for your order
2025-07-21 18:15:09 DEBUG Pages.SwagLabs.LoginPage - The following username has been logged instandard_user
2025-07-22 14:28:02 DEBUG Pages.SwagLabs.LoginPage - The following username has been logged instandard_user
2025-08-12 17:55:20 DEBUG Pages.SwagLabs.LoginPage - The following username has been logged instandard_user
2025-08-12 18:05:10 DEBUG Pages.SwagLabs.LoginPage - The following username has been logged instandard_user
2025-08-12 18:11:48 DEBUG Pages.SwagLabs.LoginPage - The following username has been logged instandard_user
2025-08-12 18:20:11 DEBUG Pages.SwagLabs.LoginPage - The following username has been logged instandard_user
2025-09-16 16:51:37 DEBUG Pages.SwagLabs.LoginPage - The following username has been logged instandard_user
2025-09-16 16:56:18 DEBUG Pages.SwagLabs.LoginPage - The following username has been logged instandard_user
2025-09-16 16:59:02 DEBUG Pages.SwagLabs.LoginPage - The following username has been logged instandard_user
2025-09-16 16:59:17 DEBUG Pages.SwagLabs.LoginPage - The following username has been logged instandard_user
2025-09-16 17:06:37 DEBUG Pages.SwagLabs.LoginPage - The following username has been logged instandard_user
2025-09-16 17:20:32 DEBUG Pages.SwagLabs.LoginPage - The following username has been logged instandard_user
2025-09-21 19:38:53 DEBUG Pages.SwagLabs.LoginPage - The following username has been logged instandard_user
2025-09-21 19:53:55 DEBUG Pages.SwagLabs.LoginPage - The following username has been logged instandard_user
2025-09-21 19:54:45 DEBUG Pages.SwagLabs.LoginPage - The following username has been logged instandard_user
2025-09-22 13:32:14 DEBUG Pages.SwagLabs.LoginPage - The following username has been logged instandard_user
2025-09-22 13:53:38 DEBUG Pages.SwagLabs.LoginPage - The following username has been logged instandard_user
2025-09-22 15:14:29 DEBUG Pages.SwagLabs.LoginPage - The following username has been logged instandard_user
